<?xml version="1.0" encoding="UTF-8"?>
<testsuite xmlns:xsi="http://www.w3.org/2001/XMLSchema-instance" xsi:noNamespaceSchemaLocation="https://maven.apache.org/surefire/maven-surefire-plugin/xsd/surefire-test-report.xsd" version="3.0.2" name="com.hotelvista.aiconcierge.service.BookingFlowServiceTest" time="2.749" tests="3" errors="0" skipped="0" failures="0">
  <properties>
[...]
</properties>
  <testcase name="hourlyBookingAsksForDurationWhenMissing" classname="com.hotelvista.aiconcierge.service.BookingFlowServiceTest" time="2.596">
    <system-out><![CDATA[22:28:07.739 [main] INFO com.hotelvista.aiconcierge.service.BookingFlowService -- Booking flow response intent=booking_request, state=ASKING_BOOKING_TYPE, uiType=BOOKING_TYPE_SELECT
22:28:07.756 [main] INFO com.hotelvista.aiconcierge.service.BookingFlowService -- Booking flow response intent=booking_stay_type_select, state=COLLECTING_HOURLY_TIME, uiType=DATE_PICKER
22:28:07.763 [main] INFO com.hotelvista.aiconcierge.service.BookingFlowService -- Booking flow response intent=booking_stay_type_select, state=COLLECTING_HOURLY_TIME, uiType=DATE_PICKER
]]></system-out>
    <system-err><![CDATA[Mockito is currently self-attaching to enable the inline-mock-maker. This will no longer work in future releases of the JDK. Please add Mockito as an agent to your build as described in Mockito's documentation: https://javadoc.io/doc/org.mockito/mockito-core/latest/org.mockito/org/mockito/Mockito.html#0.3
WARNING: A Java agent has been loaded dynamically (C:\Users\phanp\.m2\repository\net\bytebuddy\byte-buddy-agent\1.17.7\byte-buddy-agent-1.17.7.jar)
WARNING: If a serviceability tool is in use, please run with -XX:+EnableDynamicAgentLoading to hide this warning
WARNING: If a serviceability tool is not in use, please run with -Djdk.instrument.traceUsage for more information
WARNING: Dynamic loading of agents will be disallowed by default in a future release
]]></system-err>
  </testcase>
  <testcase name="confirmationBeforeRoomSelectionIsBlocked" classname="com.hotelvista.aiconcierge.service.BookingFlowServiceTest" time="0.04">
    <system-out><![CDATA[22:28:07.993 [main] INFO com.hotelvista.aiconcierge.service.BookingFlowService -- Booking flow response intent=booking_stay_type_select, state=COLLECTING_DAILY_DATE, uiType=DATE_PICKER
22:28:08.019 [main] INFO com.hotelvista.aiconcierge.service.BookingFlowService -- Booking flow response intent=booking_date_select, state=SELECTING_ROOM, uiType=ROOM_GRID
22:28:08.022 [main] INFO com.hotelvista.aiconcierge.service.BookingFlowService -- Booking flow response intent=booking_date_select, state=SELECTING_ROOM, uiType=ROOM_GRID
]]></system-out>
  </testcase>
  <testcase name="dailyBookingDoesNotSkipRoomOrServiceSteps" classname="com.hotelvista.aiconcierge.service.BookingFlowServiceTest" time="0.04">
    <system-out><![CDATA[22:28:08.037 [main] INFO com.hotelvista.aiconcierge.service.BookingFlowService -- Booking flow response intent=booking_request, state=ASKING_BOOKING_TYPE, uiType=BOOKING_TYPE_SELECT
22:28:08.038 [main] INFO com.hotelvista.aiconcierge.service.BookingFlowService -- Booking flow response intent=booking_stay_type_select, state=COLLECTING_DAILY_DATE, uiType=DATE_PICKER
22:28:08.041 [main] INFO com.hotelvista.aiconcierge.service.BookingFlowService -- Booking flow response intent=booking_date_select, state=SELECTING_ROOM, uiType=ROOM_GRID
22:28:08.047 [main] INFO com.hotelvista.aiconcierge.service.BookingFlowService -- Booking flow response intent=booking_room_select, state=ASKING_SERVICES, uiType=SERVICE_LIST
22:28:08.048 [main] INFO com.hotelvista.aiconcierge.service.BookingFlowService -- Booking flow response intent=booking_confirm, state=CONFIRMING_BOOKING, uiType=BOOKING_CONFIRM
]]></system-out>
  </testcase>
</testsuite>